<?xml version="1.0" encoding="UTF-8"?>
<!-- Generated by org.testng.reporters.JUnitReportReporter -->
<testsuite hostname="THANHPC02" name="testing.NewTest1" tests="1" failures="0" timestamp="14 Dec 2016 19:20:09 GMT" time="8.426" errors="0">
  <testcase name="testcase1" time="8.426" classname="testing.NewTest1"/>
</testsuite> <!-- testing.NewTest1 -->
