<?xml version="1.0" encoding="UTF-8"?>
<!-- Generated by org.testng.reporters.JUnitReportReporter -->
<testsuite hostname="minh" name="testing.VirtueMartTest" tests="1" failures="0" timestamp="26 Dec 2016 15:26:39 GMT" time="37.610" errors="0">
  <testcase name="happyPathTest" time="37.610" classname="testing.VirtueMartTest"/>
</testsuite> <!-- testing.VirtueMartTest -->
