<?xml version="1.0" encoding="UTF-8"?>
<!-- Generated by org.testng.reporters.JUnitReportReporter -->
<testsuite hostname="minh" name="testing.DataDrivenTest" tests="3" failures="0" timestamp="18 Dec 2016 13:52:46 GMT" time="39.399" errors="0">
  <testcase name="testSimpleCalculator" time="11.825" classname="testing.DataDrivenTest"/>
  <testcase name="testSimpleCalculator" time="13.474" classname="testing.DataDrivenTest"/>
  <testcase name="testSimpleCalculator" time="14.100" classname="testing.DataDrivenTest"/>
</testsuite> <!-- testing.DataDrivenTest -->
