<?xml version="1.0" encoding="UTF-8"?>
<!-- Generated by org.testng.reporters.JUnitReportReporter -->
<testsuite hostname="minh" name="testingforstaticAPIs.HappyPathTests" tests="7" failures="0" timestamp="11 Dec 2016 16:45:59 GMT" time="0.042" errors="0">
  <testcase name="simpleAdd" time="0.015" classname="testingforstaticAPIs.HappyPathTests"/>
  <testcase name="simpleMultiple" time="0.002" classname="testingforstaticAPIs.HappyPathTests"/>
  <testcase name="simpleDivide" time="0.002" classname="testingforstaticAPIs.HappyPathTests"/>
  <testcase name="simpleModulo" time="0.003" classname="testingforstaticAPIs.HappyPathTests"/>
  <testcase name="simpleSubtract" time="0.007" classname="testingforstaticAPIs.HappyPathTests"/>
  <testcase name="minValue" time="0.003" classname="testingforstaticAPIs.HappyPathTests"/>
  <testcase name="maxValue" time="0.010" classname="testingforstaticAPIs.HappyPathTests"/>
</testsuite> <!-- testingforstaticAPIs.HappyPathTests -->
