<?xml version="1.0" encoding="UTF-8"?>
<!-- Generated by org.testng.reporters.JUnitReportReporter -->
<testsuite hostname="minh" name="testing.HappyPathTests" tests="1" failures="0" timestamp="11 Dec 2016 15:40:02 GMT" time="0.008" errors="0">
  <testcase name="nonTerminating" time="0.008" classname="testing.HappyPathTests"/>
</testsuite> <!-- testing.HappyPathTests -->
