<?xml version="1.0" encoding="UTF-8"?>
<!-- Generated by org.testng.reporters.JUnitReportReporter -->
<testsuite hostname="minh" name="testing.InvalidTests" tests="2" failures="0" timestamp="11 Dec 2016 15:36:32 GMT" time="0.012" errors="0">
  <testcase name="nonTerminating" time="0.007" classname="testing.InvalidTests"/>
  <testcase name="divideByZero" time="0.005" classname="testing.InvalidTests"/>
</testsuite> <!-- testing.InvalidTests -->
