<?xml version="1.0" encoding="UTF-8"?>
<!-- Generated by org.testng.reporters.JUnitReportReporter -->
<testsuite hostname="ThanhTran2270" name="testing.VirtualMartTest" tests="1" failures="0" timestamp="15 Dec 2016 08:57:41 GMT" time="18.692" errors="0">
  <testcase name="test1111" time="18.692" classname="testing.VirtualMartTest"/>
</testsuite> <!-- testing.VirtualMartTest -->
